Determining if the pthread_create exist failed with the following output:
Change Dir: /home/daniel/Workspace/Locations/build/test/gtest/src/gtest-build/CMakeFiles/CMakeTmp

Run Build Command:"/usr/bin/make" "cmTryCompileExec2885313155/fast"
make[3]: Entering directory '/home/daniel/Workspace/Locations/build/test/gtest/src/gtest-build/CMakeFiles/CMakeTmp'
/usr/bin/make -f CMakeFiles/cmTryCompileExec2885313155.dir/build.make CMakeFiles/cmTryCompileExec2885313155.dir/build
make[4]: Entering directory '/home/daniel/Workspace/Locations/build/test/gtest/src/gtest-build/CMakeFiles/CMakeTmp'
/usr/bin/cmake -E cmake_progress_report /home/daniel/Workspace/Locations/build/test/gtest/src/gtest-build/CMakeFiles/CMakeTmp/CMakeFiles 1
Building C object CMakeFiles/cmTryCompileExec2885313155.dir/CheckSymbolExists.c.o
/usr/bin/cc    -o CMakeFiles/cmTryCompileExec2885313155.dir/CheckSymbolExists.c.o   -c /home/daniel/Workspace/Locations/build/test/gtest/src/gtest-build/CMakeFiles/CMakeTmp/CheckSymbolExists.c
Linking C executable cmTryCompileExec2885313155
/usr/bin/cmake -E cmake_link_script CMakeFiles/cmTryCompileExec2885313155.dir/link.txt --verbose=1
/usr/bin/cc       CMakeFiles/cmTryCompileExec2885313155.dir/CheckSymbolExists.c.o  -o cmTryCompileExec2885313155 -rdynamic 
CMakeFiles/cmTryCompileExec2885313155.dir/CheckSymbolExists.c.o: In function `main':
CheckSymbolExists.c:(.text+0x16): undefined reference to `pthread_create'
collect2: error: ld returned 1 exit status
CMakeFiles/cmTryCompileExec2885313155.dir/build.make:88: recipe for target 'cmTryCompileExec2885313155' failed
make[4]: Leaving directory '/home/daniel/Workspace/Locations/build/test/gtest/src/gtest-build/CMakeFiles/CMakeTmp'
Makefile:117: recipe for target 'cmTryCompileExec2885313155/fast' failed
make[3]: Leaving directory '/home/daniel/Workspace/Locations/build/test/gtest/src/gtest-build/CMakeFiles/CMakeTmp'
make[4]: *** [cmTryCompileExec2885313155] Error 1
make[3]: *** [cmTryCompileExec2885313155/fast] Error 2

File /home/daniel/Workspace/Locations/build/test/gtest/src/gtest-build/CMakeFiles/CMakeTmp/CheckSymbolExists.c:
/* */
#include <pthread.h>

int main(int argc, char** argv)
{
  (void)argv;
#ifndef pthread_create
  return ((int*)(&pthread_create))[argc];
#else
  (void)argc;
  return 0;
#endif
}

Determining if the function pthread_create exists in the pthreads failed with the following output:
Change Dir: /home/daniel/Workspace/Locations/build/test/gtest/src/gtest-build/CMakeFiles/CMakeTmp

Run Build Command:"/usr/bin/make" "cmTryCompileExec2020302969/fast"
make[3]: Entering directory '/home/daniel/Workspace/Locations/build/test/gtest/src/gtest-build/CMakeFiles/CMakeTmp'
/usr/bin/make -f CMakeFiles/cmTryCompileExec2020302969.dir/build.make CMakeFiles/cmTryCompileExec2020302969.dir/build
make[4]: Entering directory '/home/daniel/Workspace/Locations/build/test/gtest/src/gtest-build/CMakeFiles/CMakeTmp'
/usr/bin/cmake -E cmake_progress_report /home/daniel/Workspace/Locations/build/test/gtest/src/gtest-build/CMakeFiles/CMakeTmp/CMakeFiles 1
Building C object CMakeFiles/cmTryCompileExec2020302969.dir/CheckFunctionExists.c.o
/usr/bin/cc   -DCHECK_FUNCTION_EXISTS=pthread_create   -o CMakeFiles/cmTryCompileExec2020302969.dir/CheckFunctionExists.c.o   -c /usr/share/cmake-3.2/Modules/CheckFunctionExists.c
Linking C executable cmTryCompileExec2020302969
/usr/bin/cmake -E cmake_link_script CMakeFiles/cmTryCompileExec2020302969.dir/link.txt --verbose=1
/usr/bin/cc   -DCHECK_FUNCTION_EXISTS=pthread_create    CMakeFiles/cmTryCompileExec2020302969.dir/CheckFunctionExists.c.o  -o cmTryCompileExec2020302969 -rdynamic -lpthreads 
/usr/bin/ld: cannot find -lpthreads
CMakeFiles/cmTryCompileExec2020302969.dir/build.make:88: recipe for target 'cmTryCompileExec2020302969' failed
make[4]: Leaving directory '/home/daniel/Workspace/Locations/build/test/gtest/src/gtest-build/CMakeFiles/CMakeTmp'
Makefile:117: recipe for target 'cmTryCompileExec2020302969/fast' failed
make[3]: Leaving directory '/home/daniel/Workspace/Locations/build/test/gtest/src/gtest-build/CMakeFiles/CMakeTmp'
collect2: error: ld returned 1 exit status
make[4]: *** [cmTryCompileExec2020302969] Error 1
make[3]: *** [cmTryCompileExec2020302969/fast] Error 2


