Determining if the pthread_create exist failed with the following output:
Change Dir: /home/daniel/Workspace/Locations/build/CMakeFiles/CMakeTmp

Run Build Command:"/usr/bin/make" "cmTryCompileExec3897574675/fast"
/usr/bin/make -f CMakeFiles/cmTryCompileExec3897574675.dir/build.make CMakeFiles/cmTryCompileExec3897574675.dir/build
make[1]: Entering directory '/home/daniel/Workspace/Locations/build/CMakeFiles/CMakeTmp'
/usr/bin/cmake -E cmake_progress_report /home/daniel/Workspace/Locations/build/CMakeFiles/CMakeTmp/CMakeFiles 1
Building C object CMakeFiles/cmTryCompileExec3897574675.dir/CheckSymbolExists.c.o
/usr/bin/cc    -o CMakeFiles/cmTryCompileExec3897574675.dir/CheckSymbolExists.c.o   -c /home/daniel/Workspace/Locations/build/CMakeFiles/CMakeTmp/CheckSymbolExists.c
Linking C executable cmTryCompileExec3897574675
/usr/bin/cmake -E cmake_link_script CMakeFiles/cmTryCompileExec3897574675.dir/link.txt --verbose=1
/usr/bin/cc       CMakeFiles/cmTryCompileExec3897574675.dir/CheckSymbolExists.c.o  -o cmTryCompileExec3897574675 -rdynamic 
CMakeFiles/cmTryCompileExec3897574675.dir/CheckSymbolExists.c.o: In function `main':
CheckSymbolExists.c:(.text+0x16): undefined reference to `pthread_create'
CMakeFiles/cmTryCompileExec3897574675.dir/build.make:88: recipe for target 'cmTryCompileExec3897574675' failed
make[1]: Leaving directory '/home/daniel/Workspace/Locations/build/CMakeFiles/CMakeTmp'
Makefile:117: recipe for target 'cmTryCompileExec3897574675/fast' failed
collect2: error: ld returned 1 exit status
make[1]: *** [cmTryCompileExec3897574675] Error 1
make: *** [cmTryCompileExec3897574675/fast] Error 2

File /home/daniel/Workspace/Locations/build/CMakeFiles/CMakeTmp/CheckSymbolExists.c:
/* */
#include <pthread.h>

int main(int argc, char** argv)
{
  (void)argv;
#ifndef pthread_create
  return ((int*)(&pthread_create))[argc];
#else
  (void)argc;
  return 0;
#endif
}

Determining if the function pthread_create exists in the pthreads failed with the following output:
Change Dir: /home/daniel/Workspace/Locations/build/CMakeFiles/CMakeTmp

Run Build Command:"/usr/bin/make" "cmTryCompileExec374667636/fast"
/usr/bin/make -f CMakeFiles/cmTryCompileExec374667636.dir/build.make CMakeFiles/cmTryCompileExec374667636.dir/build
make[1]: Entering directory '/home/daniel/Workspace/Locations/build/CMakeFiles/CMakeTmp'
/usr/bin/cmake -E cmake_progress_report /home/daniel/Workspace/Locations/build/CMakeFiles/CMakeTmp/CMakeFiles 1
Building C object CMakeFiles/cmTryCompileExec374667636.dir/CheckFunctionExists.c.o
/usr/bin/cc   -DCHECK_FUNCTION_EXISTS=pthread_create   -o CMakeFiles/cmTryCompileExec374667636.dir/CheckFunctionExists.c.o   -c /usr/share/cmake-3.2/Modules/CheckFunctionExists.c
Linking C executable cmTryCompileExec374667636
/usr/bin/cmake -E cmake_link_script CMakeFiles/cmTryCompileExec374667636.dir/link.txt --verbose=1
/usr/bin/cc   -DCHECK_FUNCTION_EXISTS=pthread_create    CMakeFiles/cmTryCompileExec374667636.dir/CheckFunctionExists.c.o  -o cmTryCompileExec374667636 -rdynamic -lpthreads 
/usr/bin/ld: cannot find -lpthreads
collect2: error: ld returned 1 exit status
CMakeFiles/cmTryCompileExec374667636.dir/build.make:88: recipe for target 'cmTryCompileExec374667636' failed
make[1]: Leaving directory '/home/daniel/Workspace/Locations/build/CMakeFiles/CMakeTmp'
Makefile:117: recipe for target 'cmTryCompileExec374667636/fast' failed
make[1]: *** [cmTryCompileExec374667636] Error 1
make: *** [cmTryCompileExec374667636/fast] Error 2


